0 info it worked if it ends with ok
1 verbose cli [ '/usr/local/bin/node', '/usr/local/bin/npm', 'publish' ]
2 info using npm@2.15.5
3 info using node@v4.4.5
4 verbose publish [ '.' ]
5 silly cache add args [ '.', null ]
6 verbose cache add spec .
7 silly cache add parsed spec Result {
7 silly cache add   raw: '.',
7 silly cache add   scope: null,
7 silly cache add   name: null,
7 silly cache add   rawSpec: '.',
7 silly cache add   spec: '/Users/francoislaberge/dev/healthpack',
7 silly cache add   type: 'directory' }
8 verbose addLocalDirectory /Users/francoislaberge/.npm/healthpack/1.0.1/package.tgz not in flight; packing
9 verbose correctMkdir /Users/francoislaberge/.npm correctMkdir not in flight; initializing
10 verbose tar pack [ '/Users/francoislaberge/.npm/healthpack/1.0.1/package.tgz',
10 verbose tar pack   '/Users/francoislaberge/dev/healthpack' ]
11 verbose tarball /Users/francoislaberge/.npm/healthpack/1.0.1/package.tgz
12 verbose folder /Users/francoislaberge/dev/healthpack
13 info prepublish healthpack@1.0.1
14 verbose addLocalTarball adding from inside cache /Users/francoislaberge/.npm/healthpack/1.0.1/package.tgz
15 verbose correctMkdir /Users/francoislaberge/.npm correctMkdir not in flight; initializing
16 silly cache afterAdd healthpack@1.0.1
17 verbose afterAdd /Users/francoislaberge/.npm/healthpack/1.0.1/package/package.json not in flight; writing
18 verbose correctMkdir /Users/francoislaberge/.npm correctMkdir not in flight; initializing
19 verbose afterAdd /Users/francoislaberge/.npm/healthpack/1.0.1/package/package.json written
20 silly publish { name: 'healthpack',
20 silly publish   version: '1.0.1',
20 silly publish   description: 'Dependency management healthcheck',
20 silly publish   main: 'lib/index.js',
20 silly publish   scripts: { test: 'npm test' },
20 silly publish   repository:
20 silly publish    { type: 'git',
20 silly publish      url: 'git+https://github.com/francoislaberge/healthpack.git' },
20 silly publish   bugs: { url: 'https://github.com/francoislaberge/healthpack/issues' },
20 silly publish   publishConfig: { registry: 'https://npmjs.org' },
20 silly publish   keywords:
20 silly publish    [ 'Dependency',
20 silly publish      'Analysis',
20 silly publish      'Optimization',
20 silly publish      'Static',
20 silly publish      'Analysis',
20 silly publish      'Health',
20 silly publish      'Check' ],
20 silly publish   author: { name: 'Francois Laberge', email: 'francoislaberge@gmail.com' },
20 silly publish   license: 'MIT',
20 silly publish   readme: '## Healthpack\n\n## Usage\n\n```\nnpm install --save healthpack\n```\n',
20 silly publish   readmeFilename: 'README.md',
20 silly publish   gitHead: '1b45cbf8d6ea6f99cb97662c43e2e2081be7da7e',
20 silly publish   homepage: 'https://github.com/francoislaberge/healthpack#readme',
20 silly publish   _id: 'healthpack@1.0.1',
20 silly publish   _shasum: 'd4f834f8e16d407234d9906265d27515b277db0a',
20 silly publish   _from: '.' }
21 verbose getPublishConfig { registry: 'https://npmjs.org' }
22 silly mapToRegistry name healthpack
23 silly mapToRegistry using default registry
24 silly mapToRegistry registry https://npmjs.org
25 silly mapToRegistry data Result {
25 silly mapToRegistry   raw: 'healthpack',
25 silly mapToRegistry   scope: null,
25 silly mapToRegistry   name: 'healthpack',
25 silly mapToRegistry   rawSpec: '',
25 silly mapToRegistry   spec: 'latest',
25 silly mapToRegistry   type: 'tag' }
26 silly mapToRegistry uri https://npmjs.org/healthpack
27 verbose publish registryBase https://npmjs.org/
28 silly publish uploading /Users/francoislaberge/.npm/healthpack/1.0.1/package.tgz
29 verbose stack Error: auth required for publishing
29 verbose stack     at CachingRegistryClient.publish (/usr/local/lib/node_modules/npm/node_modules/npm-registry-client/lib/publish.js:30:14)
29 verbose stack     at /usr/local/lib/node_modules/npm/lib/publish.js:134:14
29 verbose stack     at mapToRegistry (/usr/local/lib/node_modules/npm/lib/utils/map-to-registry.js:62:3)
29 verbose stack     at publish_ (/usr/local/lib/node_modules/npm/lib/publish.js:104:3)
29 verbose stack     at Array.<anonymous> (/usr/local/lib/node_modules/npm/node_modules/slide/lib/bind-actor.js:15:8)
29 verbose stack     at LOOP (/usr/local/lib/node_modules/npm/node_modules/slide/lib/chain.js:15:14)
29 verbose stack     at LOOP (/usr/local/lib/node_modules/npm/node_modules/slide/lib/chain.js:14:28)
29 verbose stack     at chain (/usr/local/lib/node_modules/npm/node_modules/slide/lib/chain.js:20:5)
29 verbose stack     at /usr/local/lib/node_modules/npm/lib/publish.js:73:5
29 verbose stack     at RES (/usr/local/lib/node_modules/npm/node_modules/inflight/inflight.js:23:14)
30 verbose cwd /Users/francoislaberge/dev/healthpack
31 error Darwin 15.6.0
32 error argv "/usr/local/bin/node" "/usr/local/bin/npm" "publish"
33 error node v4.4.5
34 error npm  v2.15.5
35 error code ENEEDAUTH
36 error need auth auth required for publishing
36 error need auth You need to authorize this machine using `npm adduser`
37 verbose exit [ 1, true ]
